[2024-09-23 12:53:26] Starting training with hyperparameters: {'d_state': 61, 'd_conv': 8, 'expand': 4, 'batch_size': 17, 'dropout_rate': 0.45788849999542863, 'num_mamba_layers': 3, 'n_mfcc': 14, 'n_fft': 294, 'hop_length': 550, 'n_mels': 64, 'noise_level': 0.1412034763098936, 'lr': 0.00038614006833680154, 'weight_decay': 6.619862225246867e-05}
[2024-09-23 12:53:29] Error: mat1 and mat2 shapes cannot be multiplied (256x32 and 31x544)
[2024-09-23 12:53:56] Starting training with hyperparameters: {'d_state': 44, 'd_conv': 15, 'expand': 4, 'batch_size': 62, 'dropout_rate': 0.4336400232752535, 'num_mamba_layers': 2, 'n_mfcc': 21, 'n_fft': 491, 'hop_length': 367, 'n_mels': 28, 'noise_level': 0.10889266304621284, 'lr': 0.0025703239653414927, 'weight_decay': 9.079189071149134e-06}
[2024-09-23 12:54:01] Error: mat1 and mat2 shapes cannot be multiplied (368x46 and 45x2852)
[2024-09-23 12:54:29] Starting training with hyperparameters: {'d_state': 20, 'd_conv': 10, 'expand': 4, 'batch_size': 27, 'dropout_rate': 0.6901023355044567, 'num_mamba_layers': 1, 'n_mfcc': 19, 'n_fft': 219, 'hop_length': 101, 'n_mels': 85, 'noise_level': 0.2853227268780899, 'lr': 0.0022557664600930476, 'weight_decay': 3.0338918733880744e-06}
[2024-09-23 12:54:34] Error: mat1 and mat2 shapes cannot be multiplied (1288x161 and 160x4347)
[2024-09-23 12:55:22] Starting training with hyperparameters: {'d_state': 51, 'd_conv': 10, 'expand': 3, 'batch_size': 63, 'dropout_rate': 0.6874366795478123, 'num_mamba_layers': 4, 'n_mfcc': 11, 'n_fft': 471, 'hop_length': 462, 'n_mels': 37, 'noise_level': 0.09775099421893314, 'lr': 0.0022271414166833616, 'weight_decay': 4.0425075513546744e-05}
[2024-09-23 12:55:28] Error: mat1 and mat2 shapes cannot be multiplied (222x37 and 36x2331)
[2024-09-23 12:56:02] Starting training with hyperparameters: {'d_state': 39, 'd_conv': 9, 'expand': 4, 'batch_size': 35, 'dropout_rate': 0.19725370932095365, 'num_mamba_layers': 2, 'n_mfcc': 26, 'n_fft': 356, 'hop_length': 225, 'n_mels': 65, 'noise_level': 0.09920359913918315, 'lr': 0.0019354072405593885, 'weight_decay': 6.830184764280368e-05}
[2024-09-23 12:56:06] Error: mat1 and mat2 shapes cannot be multiplied (592x74 and 73x2590)
[2024-09-23 12:56:39] Starting training with hyperparameters: {'d_state': 45, 'd_conv': 14, 'expand': 4, 'batch_size': 39, 'dropout_rate': 0.6077595991336002, 'num_mamba_layers': 1, 'n_mfcc': 8, 'n_fft': 692, 'hop_length': 37, 'n_mels': 70, 'noise_level': 0.2547333455592655, 'lr': 0.0007116435665314583, 'weight_decay': 1.7036600316321954e-06}
[2024-09-23 12:56:56] Error: mat1 and mat2 shapes cannot be multiplied (3480x435 and 434x16965)
[2024-09-23 12:57:44] Starting training with hyperparameters: {'d_state': 28, 'd_conv': 5, 'expand': 4, 'batch_size': 59, 'dropout_rate': 0.14301277318191216, 'num_mamba_layers': 2, 'n_mfcc': 13, 'n_fft': 375, 'hop_length': 186, 'n_mels': 30, 'noise_level': 0.05499923600291807, 'lr': 0.0012818031012536584, 'weight_decay': 9.499603874590896e-06}
[2024-09-23 12:57:51] Error: mat1 and mat2 shapes cannot be multiplied (712x89 and 88x5251)
[2024-09-23 12:58:30] Starting training with hyperparameters: {'d_state': 60, 'd_conv': 6, 'expand': 3, 'batch_size': 47, 'dropout_rate': 0.42510460931212857, 'num_mamba_layers': 2, 'n_mfcc': 7, 'n_fft': 708, 'hop_length': 410, 'n_mels': 70, 'noise_level': 0.03917000930033465, 'lr': 0.0035880484768356833, 'weight_decay': 3.0103585095438102e-05}
[2024-09-23 12:58:38] Error: mat1 and mat2 shapes cannot be multiplied (252x42 and 41x1974)
[2024-09-23 12:59:06] Starting training with hyperparameters: {'d_state': 20, 'd_conv': 14, 'expand': 2, 'batch_size': 26, 'dropout_rate': 0.34930124478513364, 'num_mamba_layers': 4, 'n_mfcc': 12, 'n_fft': 391, 'hop_length': 54, 'n_mels': 100, 'noise_level': 0.14613935156304383, 'lr': 0.005035082507204458, 'weight_decay': 1.3369256679900555e-05}
[2024-09-23 12:59:10] Error: mat1 and mat2 shapes cannot be multiplied (1196x299 and 298x7774)
[2024-09-23 12:59:44] Starting training with hyperparameters: {'d_state': 38, 'd_conv': 12, 'expand': 2, 'batch_size': 33, 'dropout_rate': 0.6304744598459231, 'num_mamba_layers': 4, 'n_mfcc': 15, 'n_fft': 291, 'hop_length': 556, 'n_mels': 43, 'noise_level': 0.2655643293419995, 'lr': 0.00048587613286053984, 'weight_decay': 8.482603161623755e-06}
[2024-09-23 12:59:46] Error: mat1 and mat2 shapes cannot be multiplied (124x31 and 30x1023)
[2024-09-23 13:00:16] Starting training with hyperparameters: {'d_state': 49, 'd_conv': 16, 'expand': 4, 'batch_size': 11, 'dropout_rate': 0.1312883472485807, 'num_mamba_layers': 3, 'n_mfcc': 19, 'n_fft': 621, 'hop_length': 520, 'n_mels': 23, 'noise_level': 0.24106671794305767, 'lr': 0.0002539727425131134, 'weight_decay': 8.800774166222115e-05}
[2024-09-23 13:00:20] Error: mat1 and mat2 shapes cannot be multiplied (264x33 and 32x363)
[2024-09-23 13:00:59] Starting training with hyperparameters: {'d_state': 36, 'd_conv': 10, 'expand': 2, 'batch_size': 14, 'dropout_rate': 0.19814552676649255, 'num_mamba_layers': 3, 'n_mfcc': 24, 'n_fft': 666, 'hop_length': 310, 'n_mels': 98, 'noise_level': 0.2227385107656479, 'lr': 0.0038125701818717047, 'weight_decay': 6.653110062625789e-05}
[2024-09-23 13:01:03] Error: mat1 and mat2 shapes cannot be multiplied (216x54 and 53x756)
[2024-09-23 13:01:48] Starting training with hyperparameters: {'d_state': 8, 'd_conv': 10, 'expand': 4, 'batch_size': 22, 'dropout_rate': 0.2569814691292008, 'num_mamba_layers': 2, 'n_mfcc': 25, 'n_fft': 497, 'hop_length': 293, 'n_mels': 61, 'noise_level': 0.04708643557011366, 'lr': 0.0023027354837441144, 'weight_decay': 1.9043648324141297e-06}
[2024-09-23 13:01:54] Error: mat1 and mat2 shapes cannot be multiplied (456x57 and 56x1254)
[2024-09-23 13:02:42] Starting training with hyperparameters: {'d_state': 12, 'd_conv': 13, 'expand': 3, 'batch_size': 55, 'dropout_rate': 0.5661169534237446, 'num_mamba_layers': 3, 'n_mfcc': 10, 'n_fft': 287, 'hop_length': 227, 'n_mels': 73, 'noise_level': 0.07443371867835565, 'lr': 0.00043361083573538163, 'weight_decay': 8.061001956091855e-06}
[2024-09-23 13:02:47] Error: mat1 and mat2 shapes cannot be multiplied (438x73 and 72x4015)
[2024-09-23 13:03:24] Starting training with hyperparameters: {'d_state': 51, 'd_conv': 9, 'expand': 3, 'batch_size': 45, 'dropout_rate': 0.4230356476086333, 'num_mamba_layers': 4, 'n_mfcc': 11, 'n_fft': 279, 'hop_length': 355, 'n_mels': 52, 'noise_level': 0.10009272160520506, 'lr': 0.0018699346390185357, 'weight_decay': 4.191282149847872e-06}
[2024-09-23 13:03:27] Error: mat1 and mat2 shapes cannot be multiplied (288x48 and 47x2160)
[2024-09-23 13:04:13] Starting training with hyperparameters: {'d_state': 8, 'd_conv': 3, 'expand': 2, 'batch_size': 10, 'dropout_rate': 0.2784050551037018, 'num_mamba_layers': 4, 'n_mfcc': 24, 'n_fft': 687, 'hop_length': 203, 'n_mels': 45, 'noise_level': 0.0032483590097702074, 'lr': 0.0015112210363495608, 'weight_decay': 7.215753742705955e-05}
[2024-09-23 13:04:17] Error: mat1 and mat2 shapes cannot be multiplied (324x81 and 80x810)
[2024-09-23 13:05:03] Starting training with hyperparameters: {'d_state': 21, 'd_conv': 16, 'expand': 2, 'batch_size': 9, 'dropout_rate': 0.21930778077255708, 'num_mamba_layers': 4, 'n_mfcc': 6, 'n_fft': 657, 'hop_length': 407, 'n_mels': 86, 'noise_level': 0.29908070731654696, 'lr': 0.00034171351287593107, 'weight_decay': 7.282678628561195e-05}
[2024-09-23 13:05:07] Error: mat1 and mat2 shapes cannot be multiplied (168x42 and 41x378)
[2024-09-23 13:05:35] Starting training with hyperparameters: {'d_state': 49, 'd_conv': 3, 'expand': 3, 'batch_size': 39, 'dropout_rate': 0.3172653918946779, 'num_mamba_layers': 4, 'n_mfcc': 17, 'n_fft': 734, 'hop_length': 293, 'n_mels': 66, 'noise_level': 0.16956975455548912, 'lr': 0.00034962462524149273, 'weight_decay': 1.5097880353032169e-06}
[2024-09-23 13:05:37] Error: mat1 and mat2 shapes cannot be multiplied (342x57 and 56x2223)
[2024-09-23 13:06:24] Starting training with hyperparameters: {'d_state': 25, 'd_conv': 11, 'expand': 3, 'batch_size': 33, 'dropout_rate': 0.31775102990894893, 'num_mamba_layers': 4, 'n_mfcc': 22, 'n_fft': 511, 'hop_length': 615, 'n_mels': 21, 'noise_level': 0.05973120938366566, 'lr': 0.001445421263617853, 'weight_decay': 9.424784843862496e-06}
[2024-09-23 13:06:28] Error: mat1 and mat2 shapes cannot be multiplied (891x63 and 66x29)
[2024-09-23 13:07:16] Starting training with hyperparameters: {'d_state': 23, 'd_conv': 11, 'expand': 4, 'batch_size': 39, 'dropout_rate': 0.3718704566523863, 'num_mamba_layers': 4, 'n_mfcc': 6, 'n_fft': 477, 'hop_length': 626, 'n_mels': 65, 'noise_level': 0.23271536038988583, 'lr': 0.003244873928310756, 'weight_decay': 2.070182947451393e-06}
[2024-09-23 13:07:21] Error: mat1 and mat2 shapes cannot be multiplied (224x28 and 27x1092)
[2024-09-23 13:07:59] Starting training with hyperparameters: {'d_state': 23, 'd_conv': 16, 'expand': 3, 'batch_size': 51, 'dropout_rate': 0.5086441486537591, 'num_mamba_layers': 1, 'n_mfcc': 6, 'n_fft': 322, 'hop_length': 220, 'n_mels': 70, 'noise_level': 0.17604700849908092, 'lr': 0.0012701456104631643, 'weight_decay': 6.2008213230107365e-06}
[2024-09-23 13:08:05] Error: mat1 and mat2 shapes cannot be multiplied (450x75 and 74x3825)
[2024-09-23 13:08:45] Starting training with hyperparameters: {'d_state': 42, 'd_conv': 3, 'expand': 4, 'batch_size': 29, 'dropout_rate': 0.2085639755379961, 'num_mamba_layers': 4, 'n_mfcc': 18, 'n_fft': 362, 'hop_length': 573, 'n_mels': 99, 'noise_level': 0.11390820025651173, 'lr': 0.0070665332192103, 'weight_decay': 6.155914484952717e-06}
[2024-09-23 13:08:50] Error: mat1 and mat2 shapes cannot be multiplied (240x30 and 29x870)
[2024-09-23 13:09:38] Starting training with hyperparameters: {'d_state': 15, 'd_conv': 10, 'expand': 4, 'batch_size': 25, 'dropout_rate': 0.6873879960224482, 'num_mamba_layers': 4, 'n_mfcc': 20, 'n_fft': 305, 'hop_length': 35, 'n_mels': 37, 'noise_level': 0.2990279816833979, 'lr': 0.0025018726337970192, 'weight_decay': 2.702028191357547e-05}
[2024-09-23 13:09:46] Error: mat1 and mat2 shapes cannot be multiplied (3680x460 and 459x11500)
[2024-09-23 13:10:23] Starting training with hyperparameters: {'d_state': 42, 'd_conv': 8, 'expand': 4, 'batch_size': 38, 'dropout_rate': 0.6409185428537807, 'num_mamba_layers': 4, 'n_mfcc': 25, 'n_fft': 661, 'hop_length': 513, 'n_mels': 96, 'noise_level': 0.00342964971649925, 'lr': 0.001041988813883514, 'weight_decay': 1.0029129337199195e-06}
[2024-09-23 13:10:25] Error: mat1 and mat2 shapes cannot be multiplied (272x34 and 33x1292)
[2024-09-23 13:11:13] Starting training with hyperparameters: {'d_state': 60, 'd_conv': 13, 'expand': 4, 'batch_size': 54, 'dropout_rate': 0.588585936422566, 'num_mamba_layers': 3, 'n_mfcc': 8, 'n_fft': 233, 'hop_length': 578, 'n_mels': 29, 'noise_level': 0.048970972662404584, 'lr': 0.0008368606533548983, 'weight_decay': 1.3308014075126995e-05}
[2024-09-23 13:11:17] Error: mat1 and mat2 shapes cannot be multiplied (240x30 and 29x1620)
[2024-09-23 13:11:45] Starting training with hyperparameters: {'d_state': 40, 'd_conv': 15, 'expand': 2, 'batch_size': 61, 'dropout_rate': 0.2671608542486139, 'num_mamba_layers': 4, 'n_mfcc': 16, 'n_fft': 203, 'hop_length': 442, 'n_mels': 91, 'noise_level': 0.140269007054392, 'lr': 0.002360267626699348, 'weight_decay': 3.890579444255911e-05}
[2024-09-23 13:11:51] Error: mat1 and mat2 shapes cannot be multiplied (156x39 and 38x2379)
[2024-09-23 13:12:38] Starting training with hyperparameters: {'d_state': 22, 'd_conv': 4, 'expand': 3, 'batch_size': 11, 'dropout_rate': 0.2837384089956745, 'num_mamba_layers': 2, 'n_mfcc': 9, 'n_fft': 798, 'hop_length': 432, 'n_mels': 66, 'noise_level': 0.04093159618258426, 'lr': 0.0001995299253607979, 'weight_decay': 3.1502948193110004e-05}
[2024-09-23 13:12:43] Error: mat1 and mat2 shapes cannot be multiplied (240x40 and 39x440)
[2024-09-23 13:13:14] Starting training with hyperparameters: {'d_state': 47, 'd_conv': 5, 'expand': 2, 'batch_size': 51, 'dropout_rate': 0.14211978959782248, 'num_mamba_layers': 4, 'n_mfcc': 10, 'n_fft': 326, 'hop_length': 335, 'n_mels': 62, 'noise_level': 0.11007723945581029, 'lr': 0.00026612964995620256, 'weight_decay': 4.903213503525944e-05}
[2024-09-23 13:13:21] Error: mat1 and mat2 shapes cannot be multiplied (200x50 and 49x2550)
[2024-09-23 13:14:09] Starting training with hyperparameters: {'d_state': 35, 'd_conv': 14, 'expand': 3, 'batch_size': 46, 'dropout_rate': 0.07050551319395103, 'num_mamba_layers': 4, 'n_mfcc': 23, 'n_fft': 471, 'hop_length': 288, 'n_mels': 54, 'noise_level': 0.06694016081258376, 'lr': 0.0032018866054311437, 'weight_decay': 1.2160008566860051e-05}
[2024-09-23 13:14:16] Error: mat1 and mat2 shapes cannot be multiplied (348x58 and 57x2668)
[2024-09-23 13:14:52] Starting training with hyperparameters: {'d_state': 28, 'd_conv': 4, 'expand': 2, 'batch_size': 35, 'dropout_rate': 0.6950597876294942, 'num_mamba_layers': 2, 'n_mfcc': 22, 'n_fft': 422, 'hop_length': 563, 'n_mels': 64, 'noise_level': 0.14585915415232326, 'lr': 0.0007169896406926866, 'weight_decay': 7.306867623912852e-06}
[2024-09-23 13:14:59] Error: mat1 and mat2 shapes cannot be multiplied (124x31 and 30x1085)
[2024-09-23 13:15:44] Starting training with hyperparameters: {'d_state': 39, 'd_conv': 9, 'expand': 4, 'batch_size': 50, 'dropout_rate': 0.25202759860697915, 'num_mamba_layers': 1, 'n_mfcc': 22, 'n_fft': 220, 'hop_length': 500, 'n_mels': 83, 'noise_level': 0.14845975938891112, 'lr': 0.0007181717932428582, 'weight_decay': 6.495289731597333e-05}
[2024-09-23 13:18:31] Epoch 0 - Training Loss: 1.9689667896403895, Training Accuracy: 28.37596281972115
[2024-09-23 13:18:53] Epoch 0 - Validation Loss: 1.344747306505839, Validation Accuracy: 53.389143937348095
[2024-09-23 13:19:20] Epoch 0 - Test Accuracy: 51.08001963672067
[2024-09-23 13:22:12] Epoch 1 - Training Loss: 1.3736198427421706, Training Accuracy: 39.749423120673406
[2024-09-23 13:22:33] Epoch 1 - Validation Loss: 0.9444841686884562, Validation Accuracy: 67.26978125843911
[2024-09-23 13:23:09] Epoch 1 - Test Accuracy: 64.62935689739814
[2024-09-23 13:25:52] Epoch 2 - Training Loss: 1.1027216188512838, Training Accuracy: 46.90543512409676
[2024-09-23 13:26:17] Epoch 2 - Validation Loss: 0.7828810079892476, Validation Accuracy: 73.10288954901431
[2024-09-23 13:26:44] Epoch 2 - Test Accuracy: 70.79037800687286
[2024-09-23 13:30:00] Epoch 3 - Training Loss: 0.9578289087716635, Training Accuracy: 51.85088888166661
[2024-09-23 13:30:25] Epoch 3 - Validation Loss: 0.6854912670453389, Validation Accuracy: 77.45071563597084
[2024-09-23 13:30:49] Epoch 3 - Test Accuracy: 75.1840942562592
[2024-09-23 13:33:13] Epoch 4 - Training Loss: 0.8779668022285808, Training Accuracy: 55.44606584549384
[2024-09-23 13:33:34] Epoch 4 - Validation Loss: 0.6125952027241389, Validation Accuracy: 79.44909532811234
[2024-09-23 13:34:03] Epoch 4 - Test Accuracy: 78.10505645557193
[2024-09-23 13:37:06] Epoch 5 - Training Loss: 0.8200852734992257, Training Accuracy: 58.14347774274974
[2024-09-23 13:37:32] Epoch 5 - Validation Loss: 0.5589123503367106, Validation Accuracy: 81.01539292465569
[2024-09-23 13:37:58] Epoch 5 - Test Accuracy: 79.38144329896907
[2024-09-23 13:40:52] Epoch 6 - Training Loss: 0.7858078783111913, Training Accuracy: 60.274023483747555
[2024-09-23 13:41:15] Epoch 6 - Validation Loss: 0.5566220839818319, Validation Accuracy: 81.31244936537942
[2024-09-23 13:41:44] Epoch 6 - Test Accuracy: 79.74963181148748
[2024-09-23 13:44:31] Epoch 7 - Training Loss: 0.7448030918256029, Training Accuracy: 62.06815301114759
[2024-09-23 13:44:55] Epoch 7 - Validation Loss: 0.5164962271849315, Validation Accuracy: 83.04077774777208
[2024-09-23 13:45:18] Epoch 7 - Test Accuracy: 81.27147766323024
[2024-09-23 13:48:10] Epoch 8 - Training Loss: 0.7249083905541277, Training Accuracy: 63.51703193329506
[2024-09-23 13:48:34] Epoch 8 - Validation Loss: 0.516779315272967, Validation Accuracy: 82.77072643802322
[2024-09-23 13:49:03] Epoch 8 - Test Accuracy: 81.34511536573392
[2024-09-23 13:51:44] Epoch 9 - Training Loss: 0.7054904099892486, Training Accuracy: 64.75251064382982
[2024-09-23 13:52:05] Epoch 9 - Validation Loss: 0.5057656145095826, Validation Accuracy: 83.41884958142047
[2024-09-23 13:52:32] Epoch 9 - Test Accuracy: 81.14874815905743
[2024-09-23 13:54:44] Epoch 10 - Training Loss: 0.6894854486665942, Training Accuracy: 65.80324352432643
[2024-09-23 13:55:05] Epoch 10 - Validation Loss: 0.4784186017513275, Validation Accuracy: 84.0939778557926
[2024-09-23 13:55:18] Error: DataLoader worker (pid(s) 1142198) exited unexpectedly
