[2024-08-22 09:28:27] 

Starting training with hyperparameters: {'d_state': 112, 'd_conv': 16, 'expand': 4, 'batch_size': 79, 'dropout_rate': 0.4347868943851707, 'lr': 0.0007152003563173783}
[2024-08-22 09:47:58] 

Starting training with hyperparameters: {'d_state': 40, 'd_conv': 53, 'expand': 2, 'batch_size': 48, 'dropout_rate': 0.2529059726038451, 'lr': 1.4899311004552399e-05}
[2024-08-22 09:55:01] 

Starting training with hyperparameters: {'d_state': 122, 'd_conv': 32, 'expand': 3, 'batch_size': 16, 'dropout_rate': 0.3378992532129828, 'lr': 0.0008129583640898323}
[2024-08-22 10:48:13] 

Starting training with hyperparameters: {'d_state': 95, 'd_conv': 24, 'expand': 2, 'batch_size': 120, 'dropout_rate': 0.48988045167237204, 'lr': 0.0008316620148307194}
[2024-08-22 14:04:26] 

Starting training with hyperparameters: {'d_state': 40, 'd_conv': 30, 'expand': 3, 'batch_size': 75, 'dropout_rate': 0.3655141331045078, 'lr': 4.145873210720598e-05}
[2024-08-22 18:11:40] 

Starting training with hyperparameters: {'d_state': 46, 'd_conv': 56, 'expand': 2, 'batch_size': 102, 'dropout_rate': 0.42898601264306907, 'lr': 0.00022391169385503647}
[2024-08-22 20:52:55] 

Starting training with hyperparameters: {'d_state': 118, 'd_conv': 55, 'expand': 3, 'batch_size': 108, 'dropout_rate': 0.4533902957261218, 'lr': 0.0005306950481478611}
[2024-08-22 23:23:28] 

Starting training with hyperparameters: {'d_state': 2, 'd_conv': 48, 'expand': 4, 'batch_size': 101, 'dropout_rate': 0.4344552987080325, 'lr': 0.00033209411063429015}
[2024-08-22 23:28:20] 

Starting training with hyperparameters: {'d_state': 46, 'd_conv': 22, 'expand': 3, 'batch_size': 117, 'dropout_rate': 0.27635842881371425, 'lr': 0.000581127712124017}
[2024-08-23 01:32:05] 

Starting training with hyperparameters: {'d_state': 63, 'd_conv': 32, 'expand': 3, 'batch_size': 50, 'dropout_rate': 0.37239727382839194, 'lr': 0.0002695126363356113}
[2024-08-23 01:43:08] 

Starting training with hyperparameters: {'d_state': 70, 'd_conv': 22, 'expand': 3, 'batch_size': 69, 'dropout_rate': 0.3454173482044756, 'lr': 0.0018388713320205033}
[2024-08-23 02:42:09] 

Starting training with hyperparameters: {'d_state': 114, 'd_conv': 20, 'expand': 4, 'batch_size': 94, 'dropout_rate': 0.28789053991340885, 'lr': 0.00017446153735035626}
[2024-08-23 02:45:53] 

Starting training with hyperparameters: {'d_state': 8, 'd_conv': 43, 'expand': 2, 'batch_size': 121, 'dropout_rate': 0.20018099705896047, 'lr': 0.0060768345843064}
[2024-08-23 03:04:04] 

Starting training with hyperparameters: {'d_state': 76, 'd_conv': 64, 'expand': 3, 'batch_size': 127, 'dropout_rate': 0.25424652135558046, 'lr': 3.7535270825741775e-05}
[2024-08-23 03:07:35] 

Starting training with hyperparameters: {'d_state': 28, 'd_conv': 53, 'expand': 4, 'batch_size': 86, 'dropout_rate': 0.28469441837073245, 'lr': 0.003355008964662355}
[2024-08-23 03:39:58] 

Starting training with hyperparameters: {'d_state': 99, 'd_conv': 39, 'expand': 3, 'batch_size': 112, 'dropout_rate': 0.45774276432515715, 'lr': 1.098206564624501e-05}
[2024-08-23 03:43:31] 

Starting training with hyperparameters: {'d_state': 86, 'd_conv': 60, 'expand': 4, 'batch_size': 56, 'dropout_rate': 0.23153594300548402, 'lr': 0.0007012477186499422}
[2024-08-23 06:13:48] 

Starting training with hyperparameters: {'d_state': 89, 'd_conv': 64, 'expand': 4, 'batch_size': 52, 'dropout_rate': 0.20170300303229288, 'lr': 0.001801439653685708}
[2024-08-23 06:54:27] 

Starting training with hyperparameters: {'d_state': 54, 'd_conv': 16, 'expand': 4, 'batch_size': 37, 'dropout_rate': 0.2423499366454442, 'lr': 8.833346885860894e-05}
[2024-08-23 06:58:12] 

Starting training with hyperparameters: {'d_state': 30, 'd_conv': 41, 'expand': 4, 'batch_size': 64, 'dropout_rate': 0.30090843473125706, 'lr': 0.007935471548136947}
[2024-08-23 07:01:52] 

Starting training with hyperparameters: {'d_state': 80, 'd_conv': 37, 'expand': 2, 'batch_size': 31, 'dropout_rate': 0.24181026044175064, 'lr': 0.0016710363139716487}
[2024-08-23 07:44:04] 

Starting training with hyperparameters: {'d_state': 58, 'd_conv': 47, 'expand': 3, 'batch_size': 83, 'dropout_rate': 0.31910805435937606, 'lr': 0.0007368362690537144}
[2024-08-23 07:47:45] 

Starting training with hyperparameters: {'d_state': 20, 'd_conv': 27, 'expand': 4, 'batch_size': 57, 'dropout_rate': 0.25600102119088514, 'lr': 0.00010604962594603486}
[2024-08-23 07:51:42] 

Starting training with hyperparameters: {'d_state': 106, 'd_conv': 58, 'expand': 3, 'batch_size': 107, 'dropout_rate': 0.3847328418336691, 'lr': 0.0005214249451432447}
[2024-08-23 07:55:46] 

Starting training with hyperparameters: {'d_state': 126, 'd_conv': 59, 'expand': 3, 'batch_size': 91, 'dropout_rate': 0.3987908410359801, 'lr': 0.00042205214127667825}
[2024-08-23 07:59:26] 

Starting training with hyperparameters: {'d_state': 85, 'd_conv': 51, 'expand': 3, 'batch_size': 114, 'dropout_rate': 0.4936318890080409, 'lr': 0.001285752100572878}
[2024-08-23 08:03:01] 

Starting training with hyperparameters: {'d_state': 110, 'd_conv': 60, 'expand': 3, 'batch_size': 127, 'dropout_rate': 0.21698727446150542, 'lr': 0.003413824731161863}
[2024-08-23 08:46:26] 

Starting training with hyperparameters: {'d_state': 48, 'd_conv': 53, 'expand': 2, 'batch_size': 78, 'dropout_rate': 0.26854241130330364, 'lr': 0.0001117426264858192}
[2024-08-23 08:50:05] 

Starting training with hyperparameters: {'d_state': 70, 'd_conv': 50, 'expand': 4, 'batch_size': 42, 'dropout_rate': 0.3183754627871489, 'lr': 0.0005077158087582864}
[2024-08-23 08:54:52] 

Starting training with hyperparameters: {'d_state': 103, 'd_conv': 45, 'expand': 3, 'batch_size': 97, 'dropout_rate': 0.23016224394751505, 'lr': 0.003220348371552719}
[2024-08-23 09:03:58] 

Starting training with hyperparameters: {'d_state': 116, 'd_conv': 35, 'expand': 3, 'batch_size': 64, 'dropout_rate': 0.4121890210317006, 'lr': 0.001057134928415087}
[2024-08-23 09:07:38] 

Starting training with hyperparameters: {'d_state': 128, 'd_conv': 55, 'expand': 3, 'batch_size': 26, 'dropout_rate': 0.3291867083897302, 'lr': 0.000638587790564666}
[2024-08-23 09:11:27] 

Starting training with hyperparameters: {'d_state': 89, 'd_conv': 61, 'expand': 4, 'batch_size': 17, 'dropout_rate': 0.2726988244841988, 'lr': 0.0002928427569651569}
[2024-08-23 09:15:21] 

Starting training with hyperparameters: {'d_state': 96, 'd_conv': 25, 'expand': 2, 'batch_size': 116, 'dropout_rate': 0.4831990901623369, 'lr': 0.000955674898963087}
[2024-08-23 09:19:01] 

Starting training with hyperparameters: {'d_state': 96, 'd_conv': 16, 'expand': 2, 'batch_size': 120, 'dropout_rate': 0.47318639952859415, 'lr': 0.0008334747935483329}
[2024-08-23 09:22:33] 

Starting training with hyperparameters: {'d_state': 119, 'd_conv': 27, 'expand': 2, 'batch_size': 107, 'dropout_rate': 0.45793188327663265, 'lr': 0.00017147199037359195}
[2024-08-23 09:26:06] 

Starting training with hyperparameters: {'d_state': 81, 'd_conv': 20, 'expand': 2, 'batch_size': 105, 'dropout_rate': 0.4354453462330044, 'lr': 0.00034356673729251676}
[2024-08-23 09:29:46] 

Starting training with hyperparameters: {'d_state': 43, 'd_conv': 33, 'expand': 3, 'batch_size': 121, 'dropout_rate': 0.45437452845630677, 'lr': 0.0012407706369983403}
[2024-08-23 09:33:22] 

Starting training with hyperparameters: {'d_state': 65, 'd_conv': 31, 'expand': 2, 'batch_size': 128, 'dropout_rate': 0.4970108865986554, 'lr': 0.0023069663100459756}
[2024-08-23 09:37:05] 

Starting training with hyperparameters: {'d_state': 37, 'd_conv': 21, 'expand': 3, 'batch_size': 111, 'dropout_rate': 0.41866186566848906, 'lr': 0.00022365527620054037}
[2024-08-23 09:40:41] 

Starting training with hyperparameters: {'d_state': 72, 'd_conv': 24, 'expand': 2, 'batch_size': 97, 'dropout_rate': 0.365726196479957, 'lr': 0.0003991961788153118}
[2024-08-23 09:44:15] 

Starting training with hyperparameters: {'d_state': 109, 'd_conv': 29, 'expand': 3, 'batch_size': 72, 'dropout_rate': 0.3531327030941458, 'lr': 0.0005821734657006175}
[2024-08-23 09:47:56] 

Starting training with hyperparameters: {'d_state': 91, 'd_conv': 56, 'expand': 4, 'batch_size': 46, 'dropout_rate': 0.4737481706924729, 'lr': 5.9141874396045866e-05}
[2024-08-23 09:51:36] 

Starting training with hyperparameters: {'d_state': 51, 'd_conv': 63, 'expand': 2, 'batch_size': 102, 'dropout_rate': 0.43640411028442766, 'lr': 0.00018104104679130274}
[2024-08-23 09:55:13] 

Starting training with hyperparameters: {'d_state': 62, 'd_conv': 57, 'expand': 2, 'batch_size': 119, 'dropout_rate': 0.47059859328143067, 'lr': 0.00025651318356096703}
[2024-08-23 09:58:51] 

Starting training with hyperparameters: {'d_state': 36, 'd_conv': 54, 'expand': 2, 'batch_size': 88, 'dropout_rate': 0.45257852954810895, 'lr': 0.0006952507097780397}
[2024-08-23 10:02:50] 

Starting training with hyperparameters: {'d_state': 44, 'd_conv': 51, 'expand': 2, 'batch_size': 111, 'dropout_rate': 0.4208571643315375, 'lr': 0.00013693284809963564}
[2024-08-23 10:06:43] 

Starting training with hyperparameters: {'d_state': 56, 'd_conv': 62, 'expand': 3, 'batch_size': 100, 'dropout_rate': 0.29644549890472416, 'lr': 0.00039041049950876914}
[2024-08-23 10:10:27] 

Starting training with hyperparameters: {'d_state': 24, 'd_conv': 18, 'expand': 4, 'batch_size': 123, 'dropout_rate': 0.38555837593686754, 'lr': 2.376070055157641e-05}
[2024-08-23 10:14:14] 

Starting training with hyperparameters: {'d_state': 15, 'd_conv': 47, 'expand': 2, 'batch_size': 80, 'dropout_rate': 0.44452366447277397, 'lr': 0.0023341863169161915}
[2024-08-23 10:17:45] 

Starting training with hyperparameters: {'d_state': 31, 'd_conv': 44, 'expand': 3, 'batch_size': 66, 'dropout_rate': 0.23152197666334498, 'lr': 0.001290903983039451}
[2024-08-23 10:25:43] 

Starting training with hyperparameters: {'d_state': 101, 'd_conv': 42, 'expand': 4, 'batch_size': 57, 'dropout_rate': 0.2145743081613631, 'lr': 0.00022404155260639775}
[2024-08-23 10:30:38] 

Starting training with hyperparameters: {'d_state': 121, 'd_conv': 23, 'expand': 3, 'batch_size': 109, 'dropout_rate': 0.485173304115114, 'lr': 7.234796446931663e-05}
[2024-08-23 10:34:20] 

Starting training with hyperparameters: {'d_state': 38, 'd_conv': 26, 'expand': 3, 'batch_size': 56, 'dropout_rate': 0.4051414570602891, 'lr': 1.1553089982949104e-05}
[2024-08-23 10:37:54] 

Starting training with hyperparameters: {'d_state': 45, 'd_conv': 38, 'expand': 3, 'batch_size': 115, 'dropout_rate': 0.34817639487742325, 'lr': 4.858671405529045e-05}
[2024-08-23 10:41:33] 

Starting training with hyperparameters: {'d_state': 63, 'd_conv': 30, 'expand': 3, 'batch_size': 91, 'dropout_rate': 0.25804415511497014, 'lr': 3.4373124381575546e-05}
[2024-08-23 10:45:07] 

Starting training with hyperparameters: {'d_state': 79, 'd_conv': 19, 'expand': 3, 'batch_size': 72, 'dropout_rate': 0.3896616787785207, 'lr': 2.2305825709511565e-05}
[2024-08-23 10:48:39] 

Starting training with hyperparameters: {'d_state': 53, 'd_conv': 28, 'expand': 3, 'batch_size': 124, 'dropout_rate': 0.27823016265607436, 'lr': 0.0004896512885812381}
[2024-08-23 10:52:16] 

Starting training with hyperparameters: {'d_state': 4, 'd_conv': 33, 'expand': 4, 'batch_size': 103, 'dropout_rate': 0.3067502603876287, 'lr': 0.000825285454419646}
[2024-08-23 10:55:49] 

Starting training with hyperparameters: {'d_state': 74, 'd_conv': 59, 'expand': 2, 'batch_size': 50, 'dropout_rate': 0.3703453323951226, 'lr': 0.0010533762006062822}
[2024-08-23 10:59:30] 

Starting training with hyperparameters: {'d_state': 59, 'd_conv': 22, 'expand': 3, 'batch_size': 116, 'dropout_rate': 0.33333953126385424, 'lr': 0.001757845923449173}
[2024-08-23 11:03:09] 

Starting training with hyperparameters: {'d_state': 66, 'd_conv': 49, 'expand': 3, 'batch_size': 38, 'dropout_rate': 0.4662350881414966, 'lr': 0.0003133624377770545}
[2024-08-23 11:06:55] 

Starting training with hyperparameters: {'d_state': 115, 'd_conv': 52, 'expand': 2, 'batch_size': 96, 'dropout_rate': 0.42348494556411653, 'lr': 0.0004795901744441984}
[2024-08-23 11:10:28] 

Starting training with hyperparameters: {'d_state': 87, 'd_conv': 64, 'expand': 4, 'batch_size': 60, 'dropout_rate': 0.2032776491433298, 'lr': 0.004622530012351975}
[2024-08-23 11:14:01] 

Starting training with hyperparameters: {'d_state': 94, 'd_conv': 62, 'expand': 4, 'batch_size': 46, 'dropout_rate': 0.23831646191616068, 'lr': 0.001404893406393544}
[2024-08-23 12:05:31] 

Starting training with hyperparameters: {'d_state': 94, 'd_conv': 60, 'expand': 4, 'batch_size': 47, 'dropout_rate': 0.24185446813333678, 'lr': 0.0013094667084518397}
[2024-08-23 13:09:46] 

Starting training with hyperparameters: {'d_state': 107, 'd_conv': 58, 'expand': 4, 'batch_size': 36, 'dropout_rate': 0.2628100445602697, 'lr': 0.0006327652953708345}
[2024-08-23 13:13:24] 

Starting training with hyperparameters: {'d_state': 82, 'd_conv': 61, 'expand': 4, 'batch_size': 77, 'dropout_rate': 0.24969922849665835, 'lr': 0.0022348887978399326}
[2024-08-23 13:53:59] 

Starting training with hyperparameters: {'d_state': 103, 'd_conv': 55, 'expand': 4, 'batch_size': 28, 'dropout_rate': 0.23053432980933894, 'lr': 0.000796278256815292}
[2024-08-23 13:57:48] 

Starting training with hyperparameters: {'d_state': 112, 'd_conv': 35, 'expand': 3, 'batch_size': 42, 'dropout_rate': 0.2226009795021065, 'lr': 0.0014398264411779585}
[2024-08-23 14:01:36] 

Starting training with hyperparameters: {'d_state': 49, 'd_conv': 57, 'expand': 3, 'batch_size': 119, 'dropout_rate': 0.35700423560633165, 'lr': 0.000959547969128894}
[2024-08-23 14:05:15] 

Starting training with hyperparameters: {'d_state': 98, 'd_conv': 25, 'expand': 4, 'batch_size': 53, 'dropout_rate': 0.28843420556076177, 'lr': 0.0030148858024809126}
[2024-08-23 14:20:09] 

Starting training with hyperparameters: {'d_state': 92, 'd_conv': 62, 'expand': 2, 'batch_size': 107, 'dropout_rate': 0.4848025854036352, 'lr': 0.0005847289971299247}
[2024-08-23 14:23:43] 

Starting training with hyperparameters: {'d_state': 81, 'd_conv': 60, 'expand': 4, 'batch_size': 80, 'dropout_rate': 0.2423731762138671, 'lr': 0.0021155152669722443}
[2024-08-23 15:13:07] 

Starting training with hyperparameters: {'d_state': 86, 'd_conv': 62, 'expand': 4, 'batch_size': 69, 'dropout_rate': 0.2418134266022423, 'lr': 0.001733380956929085}
[2024-08-23 16:20:46] 

Starting training with hyperparameters: {'d_state': 69, 'd_conv': 63, 'expand': 4, 'batch_size': 67, 'dropout_rate': 0.2203891902760978, 'lr': 0.009835175571996148}
[2024-08-23 16:24:29] 

Starting training with hyperparameters: {'d_state': 76, 'd_conv': 59, 'expand': 4, 'batch_size': 86, 'dropout_rate': 0.24974904425196998, 'lr': 0.0014675126790031985}
[2024-08-23 16:28:08] 

Starting training with hyperparameters: {'d_state': 87, 'd_conv': 18, 'expand': 4, 'batch_size': 125, 'dropout_rate': 0.20609118539334348, 'lr': 0.004133422405179519}
[2024-08-23 16:31:49] 

Starting training with hyperparameters: {'d_state': 84, 'd_conv': 57, 'expand': 4, 'batch_size': 63, 'dropout_rate': 0.2682479655428064, 'lr': 0.001114886727331425}
[2024-08-23 16:35:33] 

Starting training with hyperparameters: {'d_state': 41, 'd_conv': 62, 'expand': 3, 'batch_size': 71, 'dropout_rate': 0.4460445688666933, 'lr': 0.0003794988174560021}
[2024-08-23 16:39:09] 

Starting training with hyperparameters: {'d_state': 33, 'd_conv': 54, 'expand': 4, 'batch_size': 75, 'dropout_rate': 0.3187735658353816, 'lr': 0.0008972989108413751}
[2024-08-23 16:42:42] 

Starting training with hyperparameters: {'d_state': 25, 'd_conv': 64, 'expand': 2, 'batch_size': 112, 'dropout_rate': 0.46499538291419756, 'lr': 0.0016869846754557368}
[2024-08-23 16:46:18] 

Starting training with hyperparameters: {'d_state': 103, 'd_conv': 23, 'expand': 3, 'batch_size': 61, 'dropout_rate': 0.279889965902325, 'lr': 0.0006982923045394405}
[2024-08-23 16:50:01] 

Starting training with hyperparameters: {'d_state': 83, 'd_conv': 59, 'expand': 4, 'batch_size': 75, 'dropout_rate': 0.2533346349499171, 'lr': 0.002074521612527877}
[2024-08-23 17:38:19] 

Starting training with hyperparameters: {'d_state': 76, 'd_conv': 61, 'expand': 4, 'batch_size': 82, 'dropout_rate': 0.2368690370882341, 'lr': 0.0011345963006776396}
[2024-08-23 17:42:04] 

Starting training with hyperparameters: {'d_state': 125, 'd_conv': 61, 'expand': 4, 'batch_size': 76, 'dropout_rate': 0.2126366344326123, 'lr': 0.0026393251421488175}
[2024-08-23 18:00:22] 

Starting training with hyperparameters: {'d_state': 89, 'd_conv': 56, 'expand': 4, 'batch_size': 44, 'dropout_rate': 0.24522701243462391, 'lr': 0.0004790330882502534}
[2024-08-23 18:04:02] 

Starting training with hyperparameters: {'d_state': 98, 'd_conv': 63, 'expand': 4, 'batch_size': 100, 'dropout_rate': 0.226660081597224, 'lr': 0.003768533080114881}
[2024-08-23 18:11:26] 

Starting training with hyperparameters: {'d_state': 92, 'd_conv': 58, 'expand': 3, 'batch_size': 68, 'dropout_rate': 0.4990454181158559, 'lr': 0.00497834663314336}
[2024-08-23 18:18:55] 

Starting training with hyperparameters: {'d_state': 95, 'd_conv': 21, 'expand': 4, 'batch_size': 117, 'dropout_rate': 0.2635523233693433, 'lr': 0.002916209646733132}
[2024-08-23 19:03:14] 

Starting training with hyperparameters: {'d_state': 47, 'd_conv': 56, 'expand': 2, 'batch_size': 93, 'dropout_rate': 0.3418814579926979, 'lr': 0.001562855688468734}
[2024-08-23 19:06:55] 

Starting training with hyperparameters: {'d_state': 58, 'd_conv': 60, 'expand': 4, 'batch_size': 55, 'dropout_rate': 0.2348637029289386, 'lr': 0.0001444161115112677}
[2024-08-23 19:10:35] 

Starting training with hyperparameters: {'d_state': 34, 'd_conv': 53, 'expand': 3, 'batch_size': 49, 'dropout_rate': 0.3932588252160022, 'lr': 1.3889416695128049e-05}
[2024-08-23 19:14:17] 

Starting training with hyperparameters: {'d_state': 79, 'd_conv': 61, 'expand': 4, 'batch_size': 54, 'dropout_rate': 0.2085221886039183, 'lr': 0.0018056485852499097}
[2024-08-23 19:29:02] 

Starting training with hyperparameters: {'d_state': 90, 'd_conv': 63, 'expand': 4, 'batch_size': 39, 'dropout_rate': 0.24887401148959531, 'lr': 0.0007496598054188703}
[2024-08-23 19:32:43] 

Starting training with hyperparameters: {'d_state': 86, 'd_conv': 40, 'expand': 4, 'batch_size': 59, 'dropout_rate': 0.2206038475332682, 'lr': 0.0020216969747921167}
[2024-08-23 20:16:24] 

Starting training with hyperparameters: {'d_state': 42, 'd_conv': 64, 'expand': 4, 'batch_size': 52, 'dropout_rate': 0.20041242940897072, 'lr': 0.0025192358292203763}
[2024-08-23 20:31:04] 

Starting training with hyperparameters: {'d_state': 39, 'd_conv': 58, 'expand': 2, 'batch_size': 122, 'dropout_rate': 0.47822922931496414, 'lr': 0.00024742728287637986}
[2024-08-23 20:34:38] 

Starting training with hyperparameters: {'d_state': 106, 'd_conv': 62, 'expand': 4, 'batch_size': 113, 'dropout_rate': 0.4081658751319102, 'lr': 0.0009259009044179985}
[2024-08-23 20:38:15] 

Starting training with hyperparameters: {'d_state': 83, 'd_conv': 28, 'expand': 3, 'batch_size': 109, 'dropout_rate': 0.490017641418497, 'lr': 0.0005566370537823257}
[2024-08-23 20:41:56] 

Starting training with hyperparameters: {'d_state': 100, 'd_conv': 60, 'expand': 4, 'batch_size': 70, 'dropout_rate': 0.30992616582963767, 'lr': 0.0012622359361349502}
[2024-08-23 20:54:09] 

Starting training with hyperparameters: {'d_state': 94, 'd_conv': 46, 'expand': 3, 'batch_size': 126, 'dropout_rate': 0.3793330466374393, 'lr': 0.0006567416882476834}
[2024-09-11 14:31:45] 

Starting training with hyperparameters: {'d_state': 2, 'd_conv': 56, 'expand': 2, 'batch_size': 128, 'dropout_rate': 0.05707982295882242, 'n_mfcc': 13, 'n_fft': 690, 'hop_length': 427, 'n_mels': 60, 'noise_level': 0.5535832742056884, 'lr': 3.2663425830955874e-05, 'weight_decay': 0.02498782257061257}
[2024-09-11 14:35:22] 

Starting training with hyperparameters: {'d_state': 97, 'd_conv': 60, 'expand': 2, 'batch_size': 58, 'dropout_rate': 0.06413243996732321, 'n_mfcc': 36, 'n_fft': 532, 'hop_length': 284, 'n_mels': 82, 'noise_level': 0.5941986550103232, 'lr': 0.0009173964857330587, 'weight_decay': 0.0002996710650007505}
[2024-09-11 14:46:12] 

Starting training with hyperparameters: {'d_state': 26, 'd_conv': 24, 'expand': 4, 'batch_size': 108, 'dropout_rate': 0.35613530153247497, 'num_mamba_layers': 1, 'n_mfcc': 33, 'n_fft': 374, 'hop_length': 334, 'n_mels': 90, 'noise_level': 0.7918473297587714, 'lr': 0.0006308435946422954, 'weight_decay': 1.5229522220181382e-05}
[2024-09-11 16:02:19] 

Starting training with hyperparameters: {'d_state': 6, 'd_conv': 58, 'expand': 2, 'batch_size': 14, 'dropout_rate': 0.37794962031687657, 'num_mamba_layers': 2, 'n_mfcc': 31, 'n_fft': 730, 'hop_length': 628, 'n_mels': 84, 'noise_level': 0.24521650742020296, 'lr': 0.00201808443673645, 'weight_decay': 0.00022255185926136636}
[2024-09-11 17:27:56] 

Starting training with hyperparameters: {'d_state': 92, 'd_conv': 54, 'expand': 4, 'batch_size': 111, 'dropout_rate': 0.2109843773474248, 'num_mamba_layers': 4, 'n_mfcc': 39, 'n_fft': 223, 'hop_length': 349, 'n_mels': 95, 'noise_level': 0.3994427847418872, 'lr': 1.1516142380890076e-05, 'weight_decay': 9.0232705144417e-05}
[2024-09-11 19:12:28] 

Starting training with hyperparameters: {'d_state': 60, 'd_conv': 51, 'expand': 3, 'batch_size': 29, 'dropout_rate': 0.20579742377594923, 'num_mamba_layers': 3, 'n_mfcc': 18, 'n_fft': 223, 'hop_length': 339, 'n_mels': 66, 'noise_level': 0.6781646066344226, 'lr': 0.002525566225907922, 'weight_decay': 0.007074896973289784}
[2024-09-11 19:57:56] 

Starting training with hyperparameters: {'d_state': 125, 'd_conv': 20, 'expand': 3, 'batch_size': 12, 'dropout_rate': 0.24325567872483295, 'num_mamba_layers': 1, 'n_mfcc': 35, 'n_fft': 223, 'hop_length': 101, 'n_mels': 36, 'noise_level': 0.6253425984309695, 'lr': 0.003139614545274051, 'weight_decay': 0.00018251817288360555}
[2024-09-11 20:25:47] 

Starting training with hyperparameters: {'d_state': 17, 'd_conv': 26, 'expand': 4, 'batch_size': 52, 'dropout_rate': 0.12122275190535071, 'num_mamba_layers': 3, 'n_mfcc': 30, 'n_fft': 289, 'hop_length': 514, 'n_mels': 24, 'noise_level': 0.477565208059929, 'lr': 1.1595463393263164e-05, 'weight_decay': 0.021578842298975057}
[2024-09-12 06:20:12] 

Starting training with hyperparameters: {'d_state': 50, 'd_conv': 50, 'expand': 4, 'batch_size': 13, 'dropout_rate': 0.4826505589065356, 'num_mamba_layers': 4, 'n_mfcc': 25, 'n_fft': 530, 'hop_length': 352, 'n_mels': 73, 'noise_level': 0.2914175006129413, 'lr': 4.420479257975124e-05, 'weight_decay': 0.0010371546323050082}
[2024-09-12 08:01:40] 

Starting training with hyperparameters: {'d_state': 27, 'd_conv': 26, 'expand': 2, 'batch_size': 82, 'dropout_rate': 0.12687168504360508, 'num_mamba_layers': 2, 'n_mfcc': 39, 'n_fft': 781, 'hop_length': 537, 'n_mels': 77, 'noise_level': 0.641072180405637, 'lr': 0.002486832263565976, 'weight_decay': 0.07129756873669044}
[2024-09-12 08:38:09] 

Starting training with hyperparameters: {'d_state': 40, 'd_conv': 18, 'expand': 3, 'batch_size': 36, 'dropout_rate': 0.5628254652418762, 'num_mamba_layers': 1, 'n_mfcc': 17, 'n_fft': 642, 'hop_length': 564, 'n_mels': 39, 'noise_level': 0.4184660818023974, 'lr': 1.2952436958220992e-05, 'weight_decay': 7.769545727571341e-05}
[2024-09-12 12:28:37] 

Starting training with hyperparameters: {'d_state': 50, 'd_conv': 2, 'expand': 2, 'batch_size': 53, 'dropout_rate': 0.3225482703196732, 'num_mamba_layers': 1, 'n_mfcc': 13, 'n_fft': 507, 'hop_length': 182, 'n_mels': 36, 'noise_level': 0.6911439702988927, 'lr': 0.003321772598400648, 'weight_decay': 2.4357479154353572e-06}
[2024-09-12 12:39:38] 

Starting training with hyperparameters: {'d_state': 30, 'd_conv': 9, 'expand': 4, 'batch_size': 52, 'dropout_rate': 0.43488689768568184, 'num_mamba_layers': 2, 'n_mfcc': 24, 'n_fft': 324, 'hop_length': 199, 'n_mels': 24, 'noise_level': 0.10064039194562079, 'lr': 0.0020479167013737463, 'weight_decay': 4.477276762962096e-06}
[2024-09-12 12:48:25] 

Starting training with hyperparameters: {'d_state': 23, 'd_conv': 5, 'expand': 4, 'batch_size': 13, 'dropout_rate': 0.6465135462586504, 'num_mamba_layers': 2, 'n_mfcc': 23, 'n_fft': 388, 'hop_length': 216, 'n_mels': 62, 'noise_level': 0.6107235364231854, 'lr': 0.0003090172888497087, 'weight_decay': 9.451363521663277e-06}
[2024-09-12 14:24:02] 

Starting training with hyperparameters: {'d_state': 36, 'd_conv': 14, 'expand': 2, 'batch_size': 44, 'dropout_rate': 0.6307364535551999, 'num_mamba_layers': 2, 'n_mfcc': 7, 'n_fft': 425, 'hop_length': 613, 'n_mels': 46, 'noise_level': 0.5046967462076734, 'lr': 0.00032821157815092657, 'weight_decay': 5.682936178358831e-05}
[2024-09-12 17:43:24] 

Starting training with hyperparameters: {'d_state': 33, 'd_conv': 16, 'expand': 2, 'batch_size': 11, 'dropout_rate': 0.45060279114357316, 'num_mamba_layers': 2, 'n_mfcc': 26, 'n_fft': 258, 'hop_length': 455, 'n_mels': 69, 'noise_level': 0.2246079567515228, 'lr': 0.0006730393231515864, 'weight_decay': 3.2142849673212598e-06}
[2024-09-12 18:50:00] 

Starting training with hyperparameters: {'d_state': 43, 'd_conv': 6, 'expand': 3, 'batch_size': 25, 'dropout_rate': 0.5676986924346015, 'num_mamba_layers': 2, 'n_mfcc': 22, 'n_fft': 268, 'hop_length': 479, 'n_mels': 44, 'noise_level': 0.058727040723703314, 'lr': 0.0025480676192246297, 'weight_decay': 6.279734037399791e-05}
[2024-09-12 19:22:35] 

Starting training with hyperparameters: {'d_state': 38, 'd_conv': 3, 'expand': 2, 'batch_size': 51, 'dropout_rate': 0.5179987376154082, 'num_mamba_layers': 2, 'n_mfcc': 14, 'n_fft': 376, 'hop_length': 523, 'n_mels': 87, 'noise_level': 0.08875586420131455, 'lr': 0.0025064648886355587, 'weight_decay': 3.015751702694247e-06}
[2024-09-12 20:35:04] 

Starting training with hyperparameters: {'d_state': 55, 'd_conv': 14, 'expand': 4, 'batch_size': 28, 'dropout_rate': 0.21901771782015128, 'num_mamba_layers': 1, 'n_mfcc': 8, 'n_fft': 345, 'hop_length': 456, 'n_mels': 73, 'noise_level': 0.13394180273836923, 'lr': 0.00018064621330192882, 'weight_decay': 1.0143204574471623e-05}
[2024-09-12 22:23:22] 

Starting training with hyperparameters: {'d_state': 22, 'd_conv': 7, 'expand': 3, 'batch_size': 40, 'dropout_rate': 0.11259455911720921, 'num_mamba_layers': 2, 'n_mfcc': 23, 'n_fft': 460, 'hop_length': 246, 'n_mels': 61, 'noise_level': 0.12728002590236298, 'lr': 0.00018783330845186278, 'weight_decay': 3.5513685182689e-06}
[2024-09-12 22:59:50] 

Starting training with hyperparameters: {'d_state': 25, 'd_conv': 15, 'expand': 3, 'batch_size': 55, 'dropout_rate': 0.2256592672872309, 'num_mamba_layers': 1, 'n_mfcc': 6, 'n_fft': 457, 'hop_length': 278, 'n_mels': 51, 'noise_level': 0.2551156265406677, 'lr': 0.00032436504766491066, 'weight_decay': 7.694957602094722e-05}
[2024-09-12 23:00:57] 

Starting training with hyperparameters: {'d_state': 34, 'd_conv': 2, 'expand': 3, 'batch_size': 64, 'dropout_rate': 0.25632239151671965, 'num_mamba_layers': 1, 'n_mfcc': 14, 'n_fft': 537, 'hop_length': 222, 'n_mels': 85, 'noise_level': 0.246158080124189, 'lr': 0.0008840663900770855, 'weight_decay': 1.358836709180014e-06}
[2024-09-13 02:25:55] 

Starting training with hyperparameters: {'d_state': 20, 'd_conv': 6, 'expand': 4, 'batch_size': 47, 'dropout_rate': 0.18943018794158079, 'num_mamba_layers': 2, 'n_mfcc': 11, 'n_fft': 732, 'hop_length': 185, 'n_mels': 92, 'noise_level': 0.010775013935213629, 'lr': 0.0004080541801135891, 'weight_decay': 8.050753468405344e-05}
[2024-09-13 03:45:07] 

Starting training with hyperparameters: {'d_state': 42, 'd_conv': 9, 'expand': 3, 'batch_size': 51, 'dropout_rate': 0.6250251246968038, 'num_mamba_layers': 2, 'n_mfcc': 17, 'n_fft': 399, 'hop_length': 386, 'n_mels': 78, 'noise_level': 0.101242406350087, 'lr': 0.0032957995763995616, 'weight_decay': 4.47830598629103e-06}
[2024-09-13 04:56:51] 

Starting training with hyperparameters: {'d_state': 41, 'd_conv': 5, 'expand': 2, 'batch_size': 57, 'dropout_rate': 0.5759209277151863, 'num_mamba_layers': 2, 'n_mfcc': 18, 'n_fft': 493, 'hop_length': 506, 'n_mels': 21, 'noise_level': 0.001930954934404705, 'lr': 0.00550888194436037, 'weight_decay': 4.502526816372955e-05}
[2024-09-13 05:06:00] 

Starting training with hyperparameters: {'d_state': 57, 'd_conv': 2, 'expand': 4, 'batch_size': 63, 'dropout_rate': 0.3459982076398088, 'num_mamba_layers': 1, 'n_mfcc': 13, 'n_fft': 644, 'hop_length': 80, 'n_mels': 100, 'noise_level': 0.1988672685250591, 'lr': 0.0013032741398833667, 'weight_decay': 1.0035945547093627e-06}
[2024-09-13 08:23:39] 

Starting training with hyperparameters: {'d_state': 64, 'd_conv': 2, 'expand': 4, 'batch_size': 64, 'dropout_rate': 0.3489774660161409, 'num_mamba_layers': 1, 'n_mfcc': 13, 'n_fft': 653, 'hop_length': 86, 'n_mels': 100, 'noise_level': 0.19751755852202627, 'lr': 0.0009410073675334619, 'weight_decay': 1.1094524267229567e-06}
[2024-09-13 13:16:38] 

Starting training with hyperparameters: {'d_state': 64, 'd_conv': 2, 'expand': 4, 'batch_size': 62, 'dropout_rate': 0.3460847603581241, 'num_mamba_layers': 1, 'n_mfcc': 11, 'n_fft': 673, 'hop_length': 86, 'n_mels': 100, 'noise_level': 0.19050726444728955, 'lr': 0.001374354444413682, 'weight_decay': 1.4184430576044737e-06}
[2024-09-13 16:52:21] 

Starting training with hyperparameters: {'d_state': 8, 'd_conv': 12, 'expand': 4, 'batch_size': 41, 'dropout_rate': 0.36282030595445003, 'num_mamba_layers': 1, 'n_mfcc': 10, 'n_fft': 614, 'hop_length': 95, 'n_mels': 100, 'noise_level': 0.29236963968844265, 'lr': 0.001467426062504673, 'weight_decay': 1.00170155578683e-06}
[2024-09-13 20:36:21] 

Starting training with hyperparameters: {'d_state': 64, 'd_conv': 4, 'expand': 4, 'batch_size': 64, 'dropout_rate': 0.4511517343136301, 'num_mamba_layers': 1, 'n_mfcc': 14, 'n_fft': 778, 'hop_length': 156, 'n_mels': 30, 'noise_level': 0.17992195512379525, 'lr': 0.0005253102908674773, 'weight_decay': 1.0084881180265325e-05}
[2024-09-13 20:38:04] 

Starting training with hyperparameters: {'d_state': 54, 'd_conv': 9, 'expand': 4, 'batch_size': 30, 'dropout_rate': 0.31504007348680113, 'num_mamba_layers': 1, 'n_mfcc': 20, 'n_fft': 593, 'hop_length': 627, 'n_mels': 89, 'noise_level': 0.19004253983886724, 'lr': 0.007311184057899846, 'weight_decay': 2.7315863271185353e-05}
[2024-09-13 20:48:03] 

Starting training with hyperparameters: {'d_state': 54, 'd_conv': 12, 'expand': 4, 'batch_size': 13, 'dropout_rate': 0.4379555906903991, 'num_mamba_layers': 1, 'n_mfcc': 15, 'n_fft': 670, 'hop_length': 315, 'n_mels': 100, 'noise_level': 0.17512971349130896, 'lr': 0.0013214408561022148, 'weight_decay': 1.992064107920389e-06}
[2024-09-13 22:58:26] 

Starting training with hyperparameters: {'d_state': 49, 'd_conv': 4, 'expand': 4, 'batch_size': 57, 'dropout_rate': 0.07007367099137196, 'num_mamba_layers': 1, 'n_mfcc': 12, 'n_fft': 798, 'hop_length': 142, 'n_mels': 80, 'noise_level': 0.21932878558582114, 'lr': 0.00031788658627518733, 'weight_decay': 5.856518666474716e-06}
[2024-09-13 23:00:54] 

Starting training with hyperparameters: {'d_state': 61, 'd_conv': 8, 'expand': 4, 'batch_size': 19, 'dropout_rate': 0.673828574181931, 'num_mamba_layers': 1, 'n_mfcc': 8, 'n_fft': 563, 'hop_length': 357, 'n_mels': 64, 'noise_level': 0.27037883482855674, 'lr': 0.00437610548170226, 'weight_decay': 2.0997464229296693e-05}
[2024-09-13 23:02:04] 

Starting training with hyperparameters: {'d_state': 58, 'd_conv': 2, 'expand': 3, 'batch_size': 45, 'dropout_rate': 0.31210790128699917, 'num_mamba_layers': 1, 'n_mfcc': 18, 'n_fft': 661, 'hop_length': 129, 'n_mels': 53, 'noise_level': 0.22318952391899152, 'lr': 0.00011324357259317651, 'weight_decay': 1.966393322621825e-06}
[2024-09-13 23:03:52] 

Starting training with hyperparameters: {'d_state': 47, 'd_conv': 4, 'expand': 3, 'batch_size': 36, 'dropout_rate': 0.41211146215734334, 'num_mamba_layers': 1, 'n_mfcc': 9, 'n_fft': 718, 'hop_length': 220, 'n_mels': 93, 'noise_level': 0.1505237686687406, 'lr': 0.0019176662481545572, 'weight_decay': 6.149170704258713e-06}
[2024-09-13 23:21:06] 

Starting training with hyperparameters: {'d_state': 64, 'd_conv': 2, 'expand': 4, 'batch_size': 64, 'dropout_rate': 0.3420977611665936, 'num_mamba_layers': 1, 'n_mfcc': 11, 'n_fft': 633, 'hop_length': 80, 'n_mels': 97, 'noise_level': 0.19912455346025976, 'lr': 0.0010162541608175562, 'weight_decay': 1.0131875808984035e-06}
[2024-09-14 06:06:37] 

Starting training with hyperparameters: {'d_state': 43, 'd_conv': 7, 'expand': 2, 'batch_size': 28, 'dropout_rate': 0.11506632905186528, 'num_mamba_layers': 2, 'n_mfcc': 19, 'n_fft': 542, 'hop_length': 395, 'n_mels': 43, 'noise_level': 0.18691721153585378, 'lr': 0.0003037909498446752, 'weight_decay': 5.241030062114777e-06}
[2024-09-14 06:07:46] 

Starting training with hyperparameters: {'d_state': 10, 'd_conv': 7, 'expand': 4, 'batch_size': 61, 'dropout_rate': 0.5227329864701932, 'num_mamba_layers': 1, 'n_mfcc': 25, 'n_fft': 563, 'hop_length': 24, 'n_mels': 99, 'noise_level': 0.01790565575517625, 'lr': 0.001365297118116176, 'weight_decay': 1.8048400170830813e-06}
[2024-09-14 06:10:18] 

Starting training with hyperparameters: {'d_state': 12, 'd_conv': 5, 'expand': 2, 'batch_size': 31, 'dropout_rate': 0.6817218584407183, 'num_mamba_layers': 2, 'n_mfcc': 8, 'n_fft': 224, 'hop_length': 227, 'n_mels': 70, 'noise_level': 0.08493511340236853, 'lr': 0.00011814228474474885, 'weight_decay': 7.928260310886987e-05}
[2024-09-14 06:20:11] 

Starting training with hyperparameters: {'d_state': 52, 'd_conv': 9, 'expand': 4, 'batch_size': 10, 'dropout_rate': 0.5049223135874505, 'num_mamba_layers': 2, 'n_mfcc': 19, 'n_fft': 485, 'hop_length': 123, 'n_mels': 45, 'noise_level': 0.20163463773193036, 'lr': 0.0013064142809553242, 'weight_decay': 3.9882328167844e-05}
[2024-09-14 08:48:01] 

Starting training with hyperparameters: {'d_state': 19, 'd_conv': 3, 'expand': 2, 'batch_size': 27, 'dropout_rate': 0.5587885444414655, 'num_mamba_layers': 2, 'n_mfcc': 10, 'n_fft': 351, 'hop_length': 637, 'n_mels': 70, 'noise_level': 0.14789738127739166, 'lr': 0.0019338693014176096, 'weight_decay': 9.005872214701427e-06}
[2024-09-14 09:47:37] 

Starting training with hyperparameters: {'d_state': 28, 'd_conv': 5, 'expand': 3, 'batch_size': 26, 'dropout_rate': 0.5699295338072107, 'num_mamba_layers': 2, 'n_mfcc': 24, 'n_fft': 498, 'hop_length': 594, 'n_mels': 33, 'noise_level': 0.26013482398764554, 'lr': 0.0001570194668444706, 'weight_decay': 5.687319502179669e-06}
[2024-09-14 10:34:01] 

Starting training with hyperparameters: {'d_state': 39, 'd_conv': 6, 'expand': 4, 'batch_size': 64, 'dropout_rate': 0.5268953606481638, 'num_mamba_layers': 2, 'n_mfcc': 21, 'n_fft': 542, 'hop_length': 214, 'n_mels': 43, 'noise_level': 0.16250583480893377, 'lr': 0.0001659869072091315, 'weight_decay': 5.877376027675903e-06}
[2024-09-14 12:39:05] 

Starting training with hyperparameters: {'d_state': 18, 'd_conv': 7, 'expand': 3, 'batch_size': 60, 'dropout_rate': 0.5359327403126537, 'num_mamba_layers': 2, 'n_mfcc': 15, 'n_fft': 453, 'hop_length': 574, 'n_mels': 71, 'noise_level': 0.029509945516122637, 'lr': 0.0001639597268646964, 'weight_decay': 6.672903029255694e-06}
[2024-09-14 14:34:11] 

Starting training with hyperparameters: {'d_state': 46, 'd_conv': 8, 'expand': 4, 'batch_size': 56, 'dropout_rate': 0.10409781244948127, 'num_mamba_layers': 2, 'n_mfcc': 17, 'n_fft': 735, 'hop_length': 95, 'n_mels': 50, 'noise_level': 0.21853884104893728, 'lr': 0.0003577477555218955, 'weight_decay': 3.92953011040519e-05}
[2024-09-14 16:30:56] 

Starting training with hyperparameters: {'d_state': 18, 'd_conv': 16, 'expand': 2, 'batch_size': 37, 'dropout_rate': 0.4476393553669847, 'num_mamba_layers': 2, 'n_mfcc': 7, 'n_fft': 206, 'hop_length': 511, 'n_mels': 27, 'noise_level': 0.29362975276356, 'lr': 0.005787430581692322, 'weight_decay': 7.509837963256638e-06}
[2024-09-14 16:34:57] 

Starting training with hyperparameters: {'d_state': 13, 'd_conv': 9, 'expand': 3, 'batch_size': 35, 'dropout_rate': 0.2835816245162697, 'num_mamba_layers': 2, 'n_mfcc': 20, 'n_fft': 391, 'hop_length': 588, 'n_mels': 79, 'noise_level': 0.06573888504155058, 'lr': 0.0007825918425953173, 'weight_decay': 3.718621895085753e-05}
[2024-09-14 17:52:36] 

Starting training with hyperparameters: {'d_state': 59, 'd_conv': 14, 'expand': 4, 'batch_size': 58, 'dropout_rate': 0.4114774502236737, 'num_mamba_layers': 1, 'n_mfcc': 16, 'n_fft': 312, 'hop_length': 383, 'n_mels': 85, 'noise_level': 0.0330034221880457, 'lr': 0.0002770209441824501, 'weight_decay': 2.320893875964691e-05}
[2024-09-14 17:53:53] 

Starting training with hyperparameters: {'d_state': 53, 'd_conv': 5, 'expand': 4, 'batch_size': 57, 'dropout_rate': 0.5326238573499186, 'num_mamba_layers': 2, 'n_mfcc': 8, 'n_fft': 717, 'hop_length': 400, 'n_mels': 98, 'noise_level': 0.00016482935762894834, 'lr': 0.00039052627511263946, 'weight_decay': 8.427150173293598e-05}
[2024-09-15 06:05:40] 

Starting training with hyperparameters: {'d_state': 45, 'd_conv': 10, 'expand': 4, 'batch_size': 30, 'dropout_rate': 0.4415223102882291, 'num_mamba_layers': 2, 'n_mfcc': 25, 'n_fft': 529, 'hop_length': 374, 'n_mels': 55, 'noise_level': 0.2291117707803692, 'lr': 0.001951176286067874, 'weight_decay': 1.5297510645871172e-06}
[2024-09-15 07:15:09] 

Starting training with hyperparameters: {'d_state': 21, 'd_conv': 16, 'expand': 4, 'batch_size': 57, 'dropout_rate': 0.36831032175851847, 'num_mamba_layers': 1, 'n_mfcc': 7, 'n_fft': 308, 'hop_length': 514, 'n_mels': 51, 'noise_level': 0.25741472529591847, 'lr': 0.0008584498458569035, 'weight_decay': 5.4423321093603255e-05}
[2024-09-15 08:43:20] 

Starting training with hyperparameters: {'d_state': 15, 'd_conv': 12, 'expand': 4, 'batch_size': 41, 'dropout_rate': 0.4151437959535225, 'num_mamba_layers': 2, 'n_mfcc': 24, 'n_fft': 429, 'hop_length': 510, 'n_mels': 28, 'noise_level': 0.2306806441791878, 'lr': 0.001498407753150104, 'weight_decay': 1.7333602092319627e-06}
[2024-09-15 09:25:51] 

Starting training with hyperparameters: {'d_state': 47, 'd_conv': 14, 'expand': 2, 'batch_size': 34, 'dropout_rate': 0.27534771516435375, 'num_mamba_layers': 1, 'n_mfcc': 18, 'n_fft': 688, 'hop_length': 538, 'n_mels': 27, 'noise_level': 0.10765313874563923, 'lr': 0.005667651990531949, 'weight_decay': 5.379063220197766e-05}
[2024-09-15 09:50:49] 

Starting training with hyperparameters: {'d_state': 24, 'd_conv': 5, 'expand': 3, 'batch_size': 8, 'dropout_rate': 0.45973836951601516, 'num_mamba_layers': 1, 'n_mfcc': 7, 'n_fft': 491, 'hop_length': 152, 'n_mels': 74, 'noise_level': 0.19416874438542642, 'lr': 0.007554288385724926, 'weight_decay': 2.270265852853975e-06}
[2024-09-15 10:30:18] 

Starting training with hyperparameters: {'d_state': 40, 'd_conv': 10, 'expand': 2, 'batch_size': 33, 'dropout_rate': 0.5005440530423156, 'num_mamba_layers': 2, 'n_mfcc': 9, 'n_fft': 755, 'hop_length': 562, 'n_mels': 37, 'noise_level': 0.0064539181314213325, 'lr': 0.0034397447065678405, 'weight_decay': 6.12699123741086e-05}
[2024-09-15 10:31:58] 

Starting training with hyperparameters: {'d_state': 23, 'd_conv': 14, 'expand': 3, 'batch_size': 34, 'dropout_rate': 0.36760837311600836, 'num_mamba_layers': 2, 'n_mfcc': 13, 'n_fft': 373, 'hop_length': 65, 'n_mels': 59, 'noise_level': 0.06978644684078068, 'lr': 0.0002457797490528424, 'weight_decay': 2.682512722290023e-05}
[2024-09-15 15:30:57] 

Starting training with hyperparameters: {'d_state': 41, 'd_conv': 7, 'expand': 2, 'batch_size': 63, 'dropout_rate': 0.3514458646563878, 'num_mamba_layers': 2, 'n_mfcc': 22, 'n_fft': 407, 'hop_length': 419, 'n_mels': 77, 'noise_level': 0.012113909938411504, 'lr': 0.0001810622935655486, 'weight_decay': 3.05823357266547e-05}
[2024-09-15 15:32:35] 

Starting training with hyperparameters: {'d_state': 15, 'd_conv': 10, 'expand': 3, 'batch_size': 52, 'dropout_rate': 0.6811050862132106, 'num_mamba_layers': 1, 'n_mfcc': 6, 'n_fft': 303, 'hop_length': 181, 'n_mels': 89, 'noise_level': 0.09711052642065905, 'lr': 0.003237107119044615, 'weight_decay': 2.820731648233966e-06}
[2024-09-15 15:34:55] 

Starting training with hyperparameters: {'d_state': 53, 'd_conv': 4, 'expand': 4, 'batch_size': 32, 'dropout_rate': 0.08858906228254801, 'num_mamba_layers': 1, 'n_mfcc': 13, 'n_fft': 796, 'hop_length': 586, 'n_mels': 71, 'noise_level': 0.2763809377260744, 'lr': 0.00895058321678814, 'weight_decay': 7.19058353547595e-05}
[2024-09-15 15:44:15] 

Starting training with hyperparameters: {'d_state': 63, 'd_conv': 7, 'expand': 4, 'batch_size': 18, 'dropout_rate': 0.6282378006745758, 'num_mamba_layers': 2, 'n_mfcc': 26, 'n_fft': 599, 'hop_length': 306, 'n_mels': 98, 'noise_level': 0.1677361829936392, 'lr': 0.0006994560682061998, 'weight_decay': 7.727512916468783e-06}
[2024-09-15 15:46:50] 

Starting training with hyperparameters: {'d_state': 31, 'd_conv': 13, 'expand': 3, 'batch_size': 22, 'dropout_rate': 0.19064165581824596, 'num_mamba_layers': 2, 'n_mfcc': 15, 'n_fft': 209, 'hop_length': 39, 'n_mels': 52, 'noise_level': 0.08391842869099626, 'lr': 0.00013865955455229508, 'weight_decay': 1.2135055854379147e-05}
[2024-09-15 16:08:40] 

Starting training with hyperparameters: {'d_state': 34, 'd_conv': 16, 'expand': 3, 'batch_size': 44, 'dropout_rate': 0.5691477726163039, 'num_mamba_layers': 2, 'n_mfcc': 20, 'n_fft': 564, 'hop_length': 304, 'n_mels': 59, 'noise_level': 0.052258416783747874, 'lr': 0.0003927938521666809, 'weight_decay': 1.2019316443323872e-05}
[2024-09-15 16:09:41] 

Starting training with hyperparameters: {'d_state': 27, 'd_conv': 11, 'expand': 3, 'batch_size': 23, 'dropout_rate': 0.25796945862520104, 'num_mamba_layers': 2, 'n_mfcc': 12, 'n_fft': 380, 'hop_length': 403, 'n_mels': 46, 'noise_level': 0.14344267901830973, 'lr': 0.0002980503281602403, 'weight_decay': 1.0414003969008488e-06}
[2024-09-15 16:10:38] 

Starting training with hyperparameters: {'d_state': 8, 'd_conv': 8, 'expand': 4, 'batch_size': 46, 'dropout_rate': 0.5048658210391347, 'num_mamba_layers': 2, 'n_mfcc': 17, 'n_fft': 523, 'hop_length': 191, 'n_mels': 61, 'noise_level': 0.21296924215813853, 'lr': 0.0016130051774053038, 'weight_decay': 5.171741740715083e-06}
[2024-09-15 16:59:55] 

Starting training with hyperparameters: {'d_state': 54, 'd_conv': 2, 'expand': 4, 'batch_size': 48, 'dropout_rate': 0.5485717021018514, 'num_mamba_layers': 2, 'n_mfcc': 18, 'n_fft': 604, 'hop_length': 221, 'n_mels': 67, 'noise_level': 0.21777823908139465, 'lr': 0.0015442563359956897, 'weight_decay': 3.7694282507597687e-06}
[2024-09-15 19:06:15] 

Starting training with hyperparameters: {'d_state': 9, 'd_conv': 2, 'expand': 4, 'batch_size': 51, 'dropout_rate': 0.5489736464200103, 'num_mamba_layers': 2, 'n_mfcc': 17, 'n_fft': 628, 'hop_length': 193, 'n_mels': 71, 'noise_level': 0.19763334555600964, 'lr': 0.0005664135191856142, 'weight_decay': 4.574391985298472e-06}
[2024-09-15 19:09:04] 

Starting training with hyperparameters: {'d_state': 64, 'd_conv': 2, 'expand': 4, 'batch_size': 43, 'dropout_rate': 0.602554749852884, 'num_mamba_layers': 2, 'n_mfcc': 20, 'n_fft': 670, 'hop_length': 254, 'n_mels': 82, 'noise_level': 0.28871524345963123, 'lr': 0.0013258735838467604, 'weight_decay': 4.868052802370925e-06}
[2024-09-15 19:10:47] 

Starting training with hyperparameters: {'d_state': 53, 'd_conv': 7, 'expand': 4, 'batch_size': 49, 'dropout_rate': 0.6931004233487177, 'num_mamba_layers': 2, 'n_mfcc': 19, 'n_fft': 482, 'hop_length': 117, 'n_mels': 64, 'noise_level': 0.1417210528630265, 'lr': 0.0024505996764915207, 'weight_decay': 4.38655477347429e-06}
[2024-09-15 22:51:05] 

Starting training with hyperparameters: {'d_state': 55, 'd_conv': 5, 'expand': 4, 'batch_size': 62, 'dropout_rate': 0.6703645429138865, 'num_mamba_layers': 2, 'n_mfcc': 20, 'n_fft': 463, 'hop_length': 107, 'n_mels': 65, 'noise_level': 0.14728044007595423, 'lr': 0.002754739368059118, 'weight_decay': 3.5572633755213645e-06}
[2024-09-16 00:14:03] 

Starting training with hyperparameters: {'d_state': 56, 'd_conv': 4, 'expand': 4, 'batch_size': 52, 'dropout_rate': 0.6986202181932293, 'num_mamba_layers': 1, 'n_mfcc': 22, 'n_fft': 704, 'hop_length': 247, 'n_mels': 41, 'noise_level': 0.17008641975092453, 'lr': 0.004762135680035422, 'weight_decay': 9.205584198870273e-06}
[2024-09-16 00:16:41] 

Starting training with hyperparameters: {'d_state': 50, 'd_conv': 8, 'expand': 4, 'batch_size': 47, 'dropout_rate': 0.5178899867162751, 'num_mamba_layers': 2, 'n_mfcc': 16, 'n_fft': 531, 'hop_length': 116, 'n_mels': 67, 'noise_level': 0.22608891945839737, 'lr': 0.0020173991849080316, 'weight_decay': 5.579340994038369e-06}
[2024-09-16 02:13:45] 

Starting training with hyperparameters: {'d_state': 51, 'd_conv': 8, 'expand': 4, 'batch_size': 48, 'dropout_rate': 0.6136147577049539, 'num_mamba_layers': 2, 'n_mfcc': 16, 'n_fft': 601, 'hop_length': 105, 'n_mels': 66, 'noise_level': 0.11991508197658063, 'lr': 0.002194430889326696, 'weight_decay': 8.142762105212663e-06}
[2024-09-16 06:24:13] 

Starting training with hyperparameters: {'d_state': 49, 'd_conv': 8, 'expand': 4, 'batch_size': 40, 'dropout_rate': 0.6169475068945567, 'num_mamba_layers': 2, 'n_mfcc': 15, 'n_fft': 541, 'hop_length': 114, 'n_mels': 82, 'noise_level': 0.12254288586613103, 'lr': 0.002645392236767528, 'weight_decay': 6.351982891901513e-06}
[2024-09-16 06:43:28] 

Starting training with hyperparameters: {'d_state': 59, 'd_conv': 6, 'expand': 4, 'batch_size': 57, 'dropout_rate': 0.6371617736505388, 'num_mamba_layers': 2, 'n_mfcc': 11, 'n_fft': 464, 'hop_length': 94, 'n_mels': 89, 'noise_level': 0.12545573047641964, 'lr': 0.004569133078054213, 'weight_decay': 1.87267355670527e-05}
[2024-09-16 06:46:03] 

Starting training with hyperparameters: {'d_state': 42, 'd_conv': 8, 'expand': 3, 'batch_size': 58, 'dropout_rate': 0.49966178434520014, 'num_mamba_layers': 2, 'n_mfcc': 15, 'n_fft': 576, 'hop_length': 37, 'n_mels': 63, 'noise_level': 0.1712968101618494, 'lr': 0.0010831290856085879, 'weight_decay': 1.280302515533385e-05}
[2024-09-16 08:01:41] 

Starting training with hyperparameters: {'d_state': 33, 'd_conv': 14, 'expand': 3, 'batch_size': 38, 'dropout_rate': 0.5548281549079382, 'num_mamba_layers': 2, 'n_mfcc': 13, 'n_fft': 698, 'hop_length': 390, 'n_mels': 65, 'noise_level': 0.007172459847728551, 'lr': 0.003764979084196888, 'weight_decay': 3.516482557901055e-05}
[2024-09-16 08:56:43] 

Starting training with hyperparameters: {'d_state': 24, 'd_conv': 16, 'expand': 2, 'batch_size': 15, 'dropout_rate': 0.4683525849428044, 'num_mamba_layers': 1, 'n_mfcc': 15, 'n_fft': 461, 'hop_length': 326, 'n_mels': 63, 'noise_level': 0.2736872787889786, 'lr': 0.00012603301047927194, 'weight_decay': 3.759884919782527e-05}
[2024-09-16 10:27:24] 

Starting training with hyperparameters: {'d_state': 63, 'd_conv': 7, 'expand': 2, 'batch_size': 23, 'dropout_rate': 0.6652053613943587, 'num_mamba_layers': 1, 'n_mfcc': 12, 'n_fft': 647, 'hop_length': 29, 'n_mels': 21, 'noise_level': 0.23770256259443667, 'lr': 0.0014360323534144798, 'weight_decay': 2.0635599897618973e-06}
[2024-09-16 12:39:21] 

Starting training with hyperparameters: {'d_state': 53, 'd_conv': 4, 'expand': 4, 'batch_size': 42, 'dropout_rate': 0.34447704685764824, 'num_mamba_layers': 1, 'n_mfcc': 12, 'n_fft': 355, 'hop_length': 104, 'n_mels': 38, 'noise_level': 0.2438621244429133, 'lr': 0.005157116345397485, 'weight_decay': 1.818236021320902e-05}
[2024-09-16 13:04:14] 

Starting training with hyperparameters: {'d_state': 22, 'd_conv': 9, 'expand': 2, 'batch_size': 55, 'dropout_rate': 0.30162503678946156, 'num_mamba_layers': 2, 'n_mfcc': 11, 'n_fft': 341, 'hop_length': 245, 'n_mels': 68, 'noise_level': 0.03959588902514457, 'lr': 0.0001500452065986258, 'weight_decay': 5.2757733347587907e-05}
[2024-09-16 15:22:38] 

Starting training with hyperparameters: {'d_state': 46, 'd_conv': 14, 'expand': 2, 'batch_size': 38, 'dropout_rate': 0.533004480470693, 'num_mamba_layers': 2, 'n_mfcc': 25, 'n_fft': 597, 'hop_length': 101, 'n_mels': 78, 'noise_level': 0.2616661270180138, 'lr': 0.00014229136762233295, 'weight_decay': 1.0860904093950117e-05}
[2024-09-16 15:27:27] 

Starting training with hyperparameters: {'d_state': 9, 'd_conv': 14, 'expand': 2, 'batch_size': 34, 'dropout_rate': 0.3520994670349776, 'num_mamba_layers': 2, 'n_mfcc': 12, 'n_fft': 772, 'hop_length': 256, 'n_mels': 50, 'noise_level': 0.19670088960175972, 'lr': 0.0007988104234920314, 'weight_decay': 8.84609583327008e-06}
[2024-09-16 15:28:55] 

Starting training with hyperparameters: {'d_state': 24, 'd_conv': 10, 'expand': 4, 'batch_size': 33, 'dropout_rate': 0.6117862044399885, 'num_mamba_layers': 2, 'n_mfcc': 9, 'n_fft': 766, 'hop_length': 245, 'n_mels': 89, 'noise_level': 0.0597324779980872, 'lr': 0.0001892563982593305, 'weight_decay': 2.899510645218954e-06}
[2024-09-16 15:31:36] 

Starting training with hyperparameters: {'d_state': 47, 'd_conv': 14, 'expand': 3, 'batch_size': 16, 'dropout_rate': 0.28733162075834634, 'num_mamba_layers': 1, 'n_mfcc': 7, 'n_fft': 339, 'hop_length': 312, 'n_mels': 73, 'noise_level': 0.018693609052486137, 'lr': 0.0009845721844651157, 'weight_decay': 1.6240046605965923e-05}
[2024-09-16 15:33:20] 

Starting training with hyperparameters: {'d_state': 16, 'd_conv': 14, 'expand': 2, 'batch_size': 31, 'dropout_rate': 0.12265650472292795, 'num_mamba_layers': 2, 'n_mfcc': 10, 'n_fft': 715, 'hop_length': 67, 'n_mels': 23, 'noise_level': 0.26133362072968513, 'lr': 0.003044552628841574, 'weight_decay': 1.9740084631920298e-05}
[2024-09-16 16:18:19] 

Starting training with hyperparameters: {'d_state': 33, 'd_conv': 10, 'expand': 3, 'batch_size': 61, 'dropout_rate': 0.5054941220217308, 'num_mamba_layers': 2, 'n_mfcc': 21, 'n_fft': 504, 'hop_length': 571, 'n_mels': 93, 'noise_level': 0.11449526925285701, 'lr': 0.009718460785006343, 'weight_decay': 8.575733346396504e-05}
[2024-09-16 16:21:10] 

Starting training with hyperparameters: {'d_state': 64, 'd_conv': 6, 'expand': 3, 'batch_size': 22, 'dropout_rate': 0.6945128765354542, 'num_mamba_layers': 1, 'n_mfcc': 18, 'n_fft': 655, 'hop_length': 489, 'n_mels': 48, 'noise_level': 0.15179245503237698, 'lr': 0.002233943414477815, 'weight_decay': 1.0405833174118287e-06}
[2024-09-16 16:22:13] 

Starting training with hyperparameters: {'d_state': 36, 'd_conv': 6, 'expand': 3, 'batch_size': 25, 'dropout_rate': 0.6889411398134426, 'num_mamba_layers': 1, 'n_mfcc': 16, 'n_fft': 589, 'hop_length': 426, 'n_mels': 29, 'noise_level': 0.19336773324420678, 'lr': 0.0004925876785162628, 'weight_decay': 3.439248504584727e-06}
[2024-09-16 16:23:04] 

Starting training with hyperparameters: {'d_state': 63, 'd_conv': 2, 'expand': 4, 'batch_size': 47, 'dropout_rate': 0.5893623278402875, 'num_mamba_layers': 1, 'n_mfcc': 15, 'n_fft': 630, 'hop_length': 433, 'n_mels': 54, 'noise_level': 0.09583778544438659, 'lr': 0.0021496310749943887, 'weight_decay': 1.1788019582230834e-06}
[2024-09-16 16:23:57] 

Starting training with hyperparameters: {'d_state': 42, 'd_conv': 7, 'expand': 3, 'batch_size': 9, 'dropout_rate': 0.43555358762033436, 'num_mamba_layers': 2, 'n_mfcc': 6, 'n_fft': 232, 'hop_length': 171, 'n_mels': 38, 'noise_level': 0.2014178433470206, 'lr': 0.004379195101008343, 'weight_decay': 4.3847552218870654e-06}
[2024-09-16 16:24:58] 

Starting training with hyperparameters: {'d_state': 55, 'd_conv': 11, 'expand': 3, 'batch_size': 46, 'dropout_rate': 0.6035261380125113, 'num_mamba_layers': 1, 'n_mfcc': 19, 'n_fft': 512, 'hop_length': 629, 'n_mels': 77, 'noise_level': 0.15339294875388182, 'lr': 0.00043672326223633207, 'weight_decay': 1.9408889817239206e-06}
[2024-09-16 16:26:07] 

Starting training with hyperparameters: {'d_state': 31, 'd_conv': 12, 'expand': 2, 'batch_size': 25, 'dropout_rate': 0.1692412507585353, 'num_mamba_layers': 1, 'n_mfcc': 14, 'n_fft': 692, 'hop_length': 30, 'n_mels': 39, 'noise_level': 0.09239731381207854, 'lr': 0.0015323689042299007, 'weight_decay': 5.750444367233257e-06}
[2024-09-16 18:36:12] 

Starting training with hyperparameters: {'d_state': 37, 'd_conv': 8, 'expand': 4, 'batch_size': 49, 'dropout_rate': 0.5600725058672305, 'num_mamba_layers': 2, 'n_mfcc': 8, 'n_fft': 800, 'hop_length': 398, 'n_mels': 60, 'noise_level': 0.2242515097785558, 'lr': 0.008597650902503619, 'weight_decay': 3.4867740194764074e-05}
